Started at Sun Jul 18 10:40:36 UTC 2021
Processing testproject
Offering testproject to Project Build Discarder
Finished at Sun Jul 18 10:40:36 UTC 2021. 3ms
Started at Sun Jul 18 11:40:36 UTC 2021
Processing testproject
Offering testproject to Project Build Discarder
Finished at Sun Jul 18 11:40:36 UTC 2021. 3ms
Started at Sun Jul 18 12:40:36 UTC 2021
Processing testproject
Offering testproject to Project Build Discarder
Finished at Sun Jul 18 12:40:36 UTC 2021. 4ms
Started at Sun Jul 18 13:40:36 UTC 2021
Processing mavenproject
Offering mavenproject to Project Build Discarder
Processing testproject
Offering testproject to Project Build Discarder
Finished at Sun Jul 18 13:40:36 UTC 2021. 0ms
Started at Sun Jul 18 14:40:36 UTC 2021
Processing mavenproject
Offering mavenproject to Project Build Discarder
Processing testproject
Offering testproject to Project Build Discarder
Finished at Sun Jul 18 14:40:36 UTC 2021. 1ms
Started at Sun Jul 18 15:40:36 UTC 2021
Processing mavenproject
Offering mavenproject to Project Build Discarder
Processing testproject
Offering testproject to Project Build Discarder
Finished at Sun Jul 18 15:40:36 UTC 2021. 1ms
Started at Sun Jul 18 16:40:36 UTC 2021
Processing mavenproject
Offering mavenproject to Project Build Discarder
Processing testproject
Offering testproject to Project Build Discarder
Finished at Sun Jul 18 16:40:36 UTC 2021. 1ms
